
> demosession@1.0.0 start
> webpack serve --mode development

<i> [webpack-dev-server] Project is running at:
<i> [webpack-dev-server] Loopback: [36mhttp://localhost:3000/[39m, [36mhttp://[::1]:3000/[39m
<i> [webpack-dev-server] On Your Network (IPv4): [36mhttp://10.1.0.49:3000/[39m
<i> [webpack-dev-server] Content not from webpack is served from '[36m/tmp/workspace/repo/public[39m' directory
asset [1m[32mbundle.js[39m[22m 1.31 MiB [1m[32m[emitted][39m[22m (name: main)
asset [1m[32mindex.html[39m[22m 266 bytes [1m[32m[emitted][39m[22m
runtime modules 28 KiB 13 modules
modules by path [1m./node_modules/[39m[22m 1.2 MiB
  modules by path [1m./node_modules/webpack-dev-server/client/[39m[22m 90.2 KiB 8 modules
  modules by path [1m./node_modules/webpack/hot/*.js[39m[22m 5.56 KiB 4 modules
  modules by path [1m./node_modules/react-dom/[39m[22m 1.04 MiB 4 modules
  modules by path [1m./node_modules/react/[39m[22m 46.3 KiB 2 modules
  modules by path [1m./node_modules/scheduler/[39m[22m 12 KiB
    [1m./node_modules/scheduler/index.js[39m[22m 194 bytes [1m[33m[built][39m[22m [1m[33m[code generated][39m[22m
    [1m./node_modules/scheduler/cjs/scheduler.development.js[39m[22m 11.9 KiB [1m[33m[built][39m[22m [1m[33m[code generated][39m[22m
  [1m./node_modules/events/events.js[39m[22m 14.5 KiB [1m[33m[built][39m[22m [1m[33m[code generated][39m[22m
  [1m./node_modules/ansi-html-community/index.js[39m[22m 4.16 KiB [1m[33m[built][39m[22m [1m[33m[code generated][39m[22m
modules by path [1m./src/*.js[39m[22m 3.57 KiB
  [1m./src/index.js[39m[22m 215 bytes [1m[33m[built][39m[22m [1m[33m[code generated][39m[22m
  [1m./src/App.js[39m[22m 3.36 KiB [1m[33m[built][39m[22m [1m[33m[code generated][39m[22m
webpack 5.104.1 compiled [1m[32msuccessfully[39m[22m in 1385 ms
